-- The C compiler identification is GNU 11.4.0
-- The CXX compiler identification is GNU 11.4.0
-- Detecting C compiler ABI info
-- Detecting C compiler ABI info - done
-- Check for working C compiler: /usr/bin/cc - skipped
-- Detecting C compile features
-- Detecting C compile features - done
-- Detecting CXX compiler ABI info
-- Detecting CXX compiler ABI info - done
-- Check for working CXX compiler: /usr/bin/c++ - skipped
-- Detecting CXX compile features
-- Detecting CXX compile features - done
-- Found ament_cmake: 1.3.12 (/opt/ros/humble/share/ament_cmake/cmake)
-- Found Python3: /usr/bin/python3 (found version "3.10.12") found components: Interpreter
-- Found rclcpp: 16.0.14 (/opt/ros/humble/share/rclcpp/cmake)
-- Found rosidl_generator_c: 3.1.7 (/opt/ros/humble/share/rosidl_generator_c/cmake)
-- Found rosidl_adapter: 3.1.7 (/opt/ros/humble/share/rosidl_adapter/cmake)
-- Found rosidl_generator_cpp: 3.1.7 (/opt/ros/humble/share/rosidl_generator_cpp/cmake)
-- Using all available rosidl_typesupport_c: rosidl_typesupport_fastrtps_c;rosidl_typesupport_introspection_c
-- Using all available rosidl_typesupport_cpp: rosidl_typesupport_fastrtps_cpp;rosidl_typesupport_introspection_cpp
-- Found rmw_implementation_cmake: 6.1.2 (/opt/ros/humble/share/rmw_implementation_cmake/cmake)
-- Found rmw_fastrtps_cpp: 6.2.8 (/opt/ros/humble/share/rmw_fastrtps_cpp/cmake)
-- Found OpenSSL: /usr/lib/x86_64-linux-gnu/libcrypto.so (found version "3.0.2")
-- Found FastRTPS: /opt/ros/humble/include
-- Using RMW implementation 'rmw_fastrtps_cpp' as default
-- Performing Test CMAKE_HAVE_LIBC_PTHREAD
-- Performing Test CMAKE_HAVE_LIBC_PTHREAD - Success
-- Found Threads: TRUE
-- Found sensor_msgs: 4.9.0 (/opt/ros/humble/share/sensor_msgs/cmake)
-- Found cv_bridge: 3.2.1 (/opt/ros/humble/share/cv_bridge/cmake)
-- Found OpenCV: /usr (found version "4.5.4")
-- Configuring done (0.9s)
-- Generating done (0.0s)
-- Build files have been written to: /home/jy/colcon_ws/src/vision/build/vision
[ 27%] [1m[34mGenerating include/vision/moc_mainwindow.cpp[0m
[ 27%] [1m[34mGenerating ui_mainwindow.h[0m
[ 27%] [1m[34mGenerating include/vision/moc_qnode.cpp[0m
[ 36%] [1m[34mGenerating qrc_images.cpp[0m
[ 72%] [32mBuilding CXX object CMakeFiles/vision.dir/src/main.cpp.o[0m
[ 72%] [32mBuilding CXX object CMakeFiles/vision.dir/src/mainwindow.cpp.o[0m
[ 72%] [32mBuilding CXX object CMakeFiles/vision.dir/src/qnode.cpp.o[0m
[ 72%] [32mBuilding CXX object CMakeFiles/vision.dir/include/vision/moc_mainwindow.cpp.o[0m
[ 81%] [32mBuilding CXX object CMakeFiles/vision.dir/include/vision/moc_qnode.cpp.o[0m
[ 90%] [32mBuilding CXX object CMakeFiles/vision.dir/qrc_images.cpp.o[0m
