[0.007s] Invoking command in '/home/jy/colcon_ws/src/vision/build/vision': CMAKE_PREFIX_PATH=${CMAKE_PREFIX_PATH}:/opt/ros/humble /usr/bin/cmake --build /home/jy/colcon_ws/src/vision/build/vision -- -j16 -l16
[0.030s] [  9%] [1m[34mGenerating include/vision/moc_mainwindow.cpp[0m
[0.098s] [ 18%] [32mBuilding CXX object CMakeFiles/vision.dir/src/main.cpp.o[0m
[0.098s] [ 27%] [32mBuilding CXX object CMakeFiles/vision.dir/src/qnode.cpp.o[0m
[0.099s] [ 36%] [32mBuilding CXX object CMakeFiles/vision.dir/src/mainwindow.cpp.o[0m
[0.099s] [ 45%] [32mBuilding CXX object CMakeFiles/vision.dir/include/vision/moc_mainwindow.cpp.o[0m
[3.216s] [01m[K/home/jy/colcon_ws/src/vision/src/mainwindow.cpp:[m[K In member function ‘[01m[Kvoid MainWindow::updateCameraFrame()[m[K’:
[3.216s] [01m[K/home/jy/colcon_ws/src/vision/src/mainwindow.cpp:44:12:[m[K [01;31m[Kerror: [m[K‘[01m[KlastFrame[m[K’ was not declared in this scope
[3.216s]    44 |     cap >> [01;31m[KlastFrame[m[K;
[3.216s]       |            [01;31m[K^~~~~~~~~[m[K
[3.226s] [01m[K/home/jy/colcon_ws/src/vision/src/mainwindow.cpp:[m[K In member function ‘[01m[Kvoid MainWindow::processLaneDetection(const string&)[m[K’:
[3.226s] [01m[K/home/jy/colcon_ws/src/vision/src/mainwindow.cpp:107:9:[m[K [01;31m[Kerror: [m[K‘[01m[KlastFrame[m[K’ was not declared in this scope
[3.227s]   107 |     if ([01;31m[KlastFrame[m[K.empty()) return;
[3.227s]       |         [01;31m[K^~~~~~~~~[m[K
[3.235s] [01m[K/home/jy/colcon_ws/src/vision/src/mainwindow.cpp:109:19:[m[K [01;31m[Kerror: [m[K‘[01m[KlastFrame[m[K’ was not declared in this scope
[3.235s]   109 |     cv::Mat img = [01;31m[KlastFrame[m[K.clone();
[3.235s]       |                   [01;31m[K^~~~~~~~~[m[K
[3.240s] [01m[K/home/jy/colcon_ws/src/vision/src/mainwindow.cpp:[m[K At global scope:
[3.240s] [01m[K/home/jy/colcon_ws/src/vision/src/mainwindow.cpp:147:6:[m[K [01;31m[Kerror: [m[Kredefinition of ‘[01m[Kvoid MainWindow::processLaneDetection(const string&)[m[K’
[3.240s]   147 | void [01;31m[KMainWindow[m[K::processLaneDetection(const std::string &mode) {
[3.240s]       |      [01;31m[K^~~~~~~~~~[m[K
[3.240s] [01m[K/home/jy/colcon_ws/src/vision/src/mainwindow.cpp:106:6:[m[K [01;36m[Knote: [m[K‘[01m[Kvoid MainWindow::processLaneDetection(const string&)[m[K’ previously defined here
[3.240s]   106 | void [01;36m[KMainWindow[m[K::processLaneDetection(const std::string &mode) {
[3.240s]       |      [01;36m[K^~~~~~~~~~[m[K
[3.935s] gmake[2]: *** [CMakeFiles/vision.dir/build.make:111: CMakeFiles/vision.dir/src/mainwindow.cpp.o] Error 1
[3.935s] gmake[2]: *** Waiting for unfinished jobs....
[7.178s] gmake[1]: *** [CMakeFiles/Makefile2:153: CMakeFiles/vision.dir/all] Error 2
[7.178s] gmake: *** [Makefile:146: all] Error 2
[7.180s] Invoked command in '/home/jy/colcon_ws/src/vision/build/vision' returned '2': CMAKE_PREFIX_PATH=${CMAKE_PREFIX_PATH}:/opt/ros/humble /usr/bin/cmake --build /home/jy/colcon_ws/src/vision/build/vision -- -j16 -l16
