[  9%] [32mBuilding CXX object CMakeFiles/vision.dir/src/mainwindow.cpp.o[0m
[ 18%] [1m[32mLinking CXX executable vision[0m
[100%] Built target vision
-- Install configuration: ""
-- Installing: /home/jy/colcon_ws/src/vision/install/vision/lib/vision/vision
-- Set non-toolchain portion of runtime path of "/home/jy/colcon_ws/src/vision/install/vision/lib/vision/vision" to ""
-- Up-to-date: /home/jy/colcon_ws/src/vision/install/vision/include/
-- Up-to-date: /home/jy/colcon_ws/src/vision/install/vision/include//vision
-- Installing: /home/jy/colcon_ws/src/vision/install/vision/include//vision/mainwindow.hpp
-- Up-to-date: /home/jy/colcon_ws/src/vision/install/vision/include//vision/qnode.hpp
-- Up-to-date: /home/jy/colcon_ws/src/vision/install/vision/share/ament_index/resource_index/package_run_dependencies/vision
-- Up-to-date: /home/jy/colcon_ws/src/vision/install/vision/share/ament_index/resource_index/parent_prefix_path/vision
-- Up-to-date: /home/jy/colcon_ws/src/vision/install/vision/share/vision/environment/ament_prefix_path.sh
-- Up-to-date: /home/jy/colcon_ws/src/vision/install/vision/share/vision/environment/ament_prefix_path.dsv
-- Up-to-date: /home/jy/colcon_ws/src/vision/install/vision/share/vision/environment/path.sh
-- Up-to-date: /home/jy/colcon_ws/src/vision/install/vision/share/vision/environment/path.dsv
-- Up-to-date: /home/jy/colcon_ws/src/vision/install/vision/share/vision/local_setup.bash
-- Up-to-date: /home/jy/colcon_ws/src/vision/install/vision/share/vision/local_setup.sh
-- Up-to-date: /home/jy/colcon_ws/src/vision/install/vision/share/vision/local_setup.zsh
-- Up-to-date: /home/jy/colcon_ws/src/vision/install/vision/share/vision/local_setup.dsv
-- Installing: /home/jy/colcon_ws/src/vision/install/vision/share/vision/package.dsv
-- Up-to-date: /home/jy/colcon_ws/src/vision/install/vision/share/ament_index/resource_index/packages/vision
-- Up-to-date: /home/jy/colcon_ws/src/vision/install/vision/share/vision/cmake/visionConfig.cmake
-- Up-to-date: /home/jy/colcon_ws/src/vision/install/vision/share/vision/cmake/visionConfig-version.cmake
-- Up-to-date: /home/jy/colcon_ws/src/vision/install/vision/share/vision/package.xml
